<?xml version="1.0" encoding="UTF-8"?>
<!-- Generated by org.testng.reporters.JUnitXMLReporter -->
<testsuite ignored="0" hostname="cursor" failures="0" tests="6" name="Surefire test" time="0.042" errors="0" timestamp="2025-07-11T01:37:41 UTC">
  <testcase classname="com.hybridframework.tests.FrameworkTest" name="validateConfigReader" time="0.003"/>
  <testcase classname="com.hybridframework.tests.FrameworkTest" name="validateExtentReportManager" time="0.005"/>
  <testcase classname="com.hybridframework.tests.FrameworkTest" name="validateLogger" time="0.004"/>
  <testcase classname="com.hybridframework.tests.FrameworkTest" name="validateFrameworkConstants" time="0.001"/>
  <testcase classname="com.hybridframework.tests.FrameworkTest" name="validateTestDataPath" time="0.001"/>
  <testcase classname="com.hybridframework.tests.FrameworkTest" name="validateExtentReportConfiguration" time="0.0"/>
</testsuite> <!-- Surefire test -->
